#
# There is insufficient memory for the Java Runtime Environment to continue.
# Native memory allocation (mmap) failed to map 2147483648 bytes for G1 virtual space
# Possible reasons:
#   The system is out of physical RAM or swap space
#   The process is running with CompressedOops enabled, and the Java Heap may be blocking the growth of the native heap
# Possible solutions:
#   Reduce memory load on the system
#   Increase physical memory or swap space
#   Check if swap backing store is full
#   Decrease Java heap size (-Xmx/-Xms)
#   Decrease number of Java threads
#   Decrease Java thread stack sizes (-Xss)
#   Set larger code cache with -XX:ReservedCodeCacheSize=
#   JVM is running with Unscaled Compressed Oops mode in which the Java heap is
#     placed in the first 4GB address space. The Java Heap base address is the
#     maximum limit for the native heap growth. Please use -XX:HeapBaseMinAddress
#     to set the Java Heap base and to place the Java Heap above 4GB virtual address.
# This output file may be truncated or incomplete.
#
#  Out of Memory Error (os_windows.cpp:3469), pid=10284, tid=41004
#
# JRE version:  (17.0.1+12) (build )
# Java VM: OpenJDK 64-Bit Server VM (17.0.1+12, mixed mode, sharing, tiered, compressed oops, compressed class ptrs, g1 gc, windows-amd64)
# No core dump will be written. Minidumps are not enabled by default on client versions of Windows
#

---------------  S U M M A R Y ------------

Command Line: -Xms2048m -Dfile.encoding=Cp1252 -XX:+ShowCodeDetailsInExceptionMessages Driver ds 1 C:\Users\User\Desktop\output.txt ICHOOSE C:\Users\User\Desktop\orkut_undir.coo C:\Users\User\Desktop\orkut_undir.csc-csr C:\Users\User\Desktop\orkut_undir.csc-csr

Host: 11th Gen Intel(R) Core(TM) i5-1155G7 @ 2.50GHz, 8 cores, 7G,  Windows 10 , 64 bit Build 22621 (10.0.22621.2428)
Time: Wed Dec 13 20:51:29 2023 GMT Standard Time elapsed time: 0.021882 seconds (0d 0h 0m 0s)

---------------  T H R E A D  ---------------

Current thread (0x000001f31e9cc310):  JavaThread "Unknown thread" [_thread_in_vm, id=41004, stack(0x000000833e800000,0x000000833e900000)]

Stack: [0x000000833e800000,0x000000833e900000]
Native frames: (J=compiled Java code, j=interpreted, Vv=VM code, C=native code)
V  [jvm.dll+0x6744da]
V  [jvm.dll+0x82e144]
V  [jvm.dll+0x82f8ee]
V  [jvm.dll+0x82ff53]
V  [jvm.dll+0x245175]
V  [jvm.dll+0x6714c9]
V  [jvm.dll+0x665f92]
V  [jvm.dll+0x303c3b]
V  [jvm.dll+0x30b176]
V  [jvm.dll+0x35af1e]
V  [jvm.dll+0x35b14f]
V  [jvm.dll+0x2dab78]
V  [jvm.dll+0x2dbae4]
V  [jvm.dll+0x7ffdf1]
V  [jvm.dll+0x368c91]
V  [jvm.dll+0x7df2cc]
V  [jvm.dll+0x3eb59f]
V  [jvm.dll+0x3ed121]
C  [jli.dll+0x5277]
C  [ucrtbase.dll+0x29363]
C  [KERNEL32.DLL+0x1257d]
C  [ntdll.dll+0x5aa78]


---------------  P R O C E S S  ---------------

Threads class SMR info:
_java_thread_list=0x00007ffe234c4e58, length=0, elements={
}

Java Threads: ( => current thread )

Other Threads:
  0x000001f31ea0e5e0 GCTaskThread "GC Thread#0" [stack: 0x000000833e900000,0x000000833ea00000] [id=1804]
  0x000001f31ea1fcc0 ConcurrentGCThread "G1 Main Marker" [stack: 0x000000833ea00000,0x000000833eb00000] [id=23080]
  0x000001f31ea206d0 ConcurrentGCThread "G1 Conc#0" [stack: 0x000000833eb00000,0x000000833ec00000] [id=15952]

[error occurred during error reporting (printing all threads), id 0xc0000005, EXCEPTION_ACCESS_VIOLATION (0xc0000005) at pc=0x00007ffe22c9b5f7]

VM state: not at safepoint (not fully initialized)

VM Mutex/Monitor currently owned by a thread:  ([mutex/lock_event])
[0x000001f31e9c8dc0] Heap_lock - owner thread: 0x000001f31e9cc310

Heap address: 0x0000000080000000, size: 2048 MB, Compressed Oops mode: 32-bit

CDS archive(s) mapped at: [0x0000000000000000-0x0000000000000000-0x0000000000000000), size 0, SharedBaseAddress: 0x0000000800000000, ArchiveRelocationMode: 0.
Narrow klass base: 0x0000000000000000, Narrow klass shift: 0, Narrow klass range: 0x0

GC Precious Log:
<Empty>

Heap:
 garbage-first heap   total 0K, used 0K [0x0000000080000000, 0x0000000100000000)
  region size 1024K, 0 young (0K), 0 survivors (0K)

[error occurred during error reporting (printing heap information), id 0xc0000005, EXCEPTION_ACCESS_VIOLATION (0xc0000005) at pc=0x00007ffe2307d729]

GC Heap History (0 events):
No events

Deoptimization events (0 events):
No events

Classes unloaded (0 events):
No events

Classes redefined (0 events):
No events

Internal exceptions (0 events):
No events

VM Operations (0 events):
No events

Events (1 events):
Event: 0.012 Loaded shared library C:\Users\User\.p2\pool\plugins\org.eclipse.justj.openjdk.hotspot.jre.full.win32.x86_64_17.0.1.v20211116-1657\jre\bin\java.dll


Dynamic libraries:
0x00007ff60dba0000 - 0x00007ff60dbae000 	C:\Users\User\.p2\pool\plugins\org.eclipse.justj.openjdk.hotspot.jre.full.win32.x86_64_17.0.1.v20211116-1657\jre\bin\javaw.exe
0x00007ffe9b6b0000 - 0x00007ffe9b8c7000 	C:\WINDOWS\SYSTEM32\ntdll.dll
0x00007ffe9ab70000 - 0x00007ffe9ac34000 	C:\WINDOWS\System32\KERNEL32.DLL
0x00007ffe98c70000 - 0x00007ffe99016000 	C:\WINDOWS\System32\KERNELBASE.dll
0x00007ffe990c0000 - 0x00007ffe991d1000 	C:\WINDOWS\System32\ucrtbase.dll
0x00007ffe8a5c0000 - 0x00007ffe8a5d8000 	C:\Users\User\.p2\pool\plugins\org.eclipse.justj.openjdk.hotspot.jre.full.win32.x86_64_17.0.1.v20211116-1657\jre\bin\jli.dll
0x00007ffe89cc0000 - 0x00007ffe89cd9000 	C:\Users\User\.p2\pool\plugins\org.eclipse.justj.openjdk.hotspot.jre.full.win32.x86_64_17.0.1.v20211116-1657\jre\bin\VCRUNTIME140.dll
0x00007ffe9b330000 - 0x00007ffe9b4dd000 	C:\WINDOWS\System32\USER32.dll
0x00007ffe98bd0000 - 0x00007ffe98bf6000 	C:\WINDOWS\System32\win32u.dll
0x00007ffe7cc10000 - 0x00007ffe7cea3000 	C:\WINDOWS\WinSxS\amd64_microsoft.windows.common-controls_6595b64144ccf1df_6.0.22621.2361_none_2712ced57382f843\COMCTL32.dll
0x00007ffe9b640000 - 0x00007ffe9b669000 	C:\WINDOWS\System32\GDI32.dll
0x00007ffe9b200000 - 0x00007ffe9b2a7000 	C:\WINDOWS\System32\msvcrt.dll
0x00007ffe98ab0000 - 0x00007ffe98bc8000 	C:\WINDOWS\System32\gdi32full.dll
0x00007ffe99020000 - 0x00007ffe990ba000 	C:\WINDOWS\System32\msvcp_win.dll
0x00007ffe9b1c0000 - 0x00007ffe9b1f1000 	C:\WINDOWS\System32\IMM32.DLL
0x00007ffe8a0a0000 - 0x00007ffe8a0ac000 	C:\Users\User\.p2\pool\plugins\org.eclipse.justj.openjdk.hotspot.jre.full.win32.x86_64_17.0.1.v20211116-1657\jre\bin\vcruntime140_1.dll
0x00007ffe6a170000 - 0x00007ffe6a201000 	C:\Users\User\.p2\pool\plugins\org.eclipse.justj.openjdk.hotspot.jre.full.win32.x86_64_17.0.1.v20211116-1657\jre\bin\msvcp140.dll
0x00007ffe229b0000 - 0x00007ffe235f6000 	C:\Users\User\.p2\pool\plugins\org.eclipse.justj.openjdk.hotspot.jre.full.win32.x86_64_17.0.1.v20211116-1657\jre\bin\server\jvm.dll
0x00007ffe996e0000 - 0x00007ffe99790000 	C:\WINDOWS\System32\ADVAPI32.dll
0x00007ffe9a410000 - 0x00007ffe9a4b6000 	C:\WINDOWS\System32\sechost.dll
0x00007ffe99ff0000 - 0x00007ffe9a107000 	C:\WINDOWS\System32\RPCRT4.dll
0x00007ffe9a400000 - 0x00007ffe9a408000 	C:\WINDOWS\System32\PSAPI.DLL
0x00007ffe873e0000 - 0x00007ffe87414000 	C:\WINDOWS\SYSTEM32\WINMM.dll
0x00007ffdb6f10000 - 0x00007ffdb6f19000 	C:\WINDOWS\SYSTEM32\WSOCK32.dll
0x00007ffe9b2b0000 - 0x00007ffe9b321000 	C:\WINDOWS\System32\WS2_32.dll
0x00007ffe899d0000 - 0x00007ffe899da000 	C:\WINDOWS\SYSTEM32\VERSION.dll
0x00007ffe97a70000 - 0x00007ffe97a88000 	C:\WINDOWS\SYSTEM32\kernel.appcore.dll
0x00007ffe8a5a0000 - 0x00007ffe8a5aa000 	C:\Users\User\.p2\pool\plugins\org.eclipse.justj.openjdk.hotspot.jre.full.win32.x86_64_17.0.1.v20211116-1657\jre\bin\jimage.dll
0x00007ffe962b0000 - 0x00007ffe964de000 	C:\WINDOWS\SYSTEM32\DBGHELP.DLL
0x00007ffe9a7e0000 - 0x00007ffe9ab6a000 	C:\WINDOWS\System32\combase.dll
0x00007ffe9a320000 - 0x00007ffe9a3f7000 	C:\WINDOWS\System32\OLEAUT32.dll
0x00007ffe8a610000 - 0x00007ffe8a642000 	C:\WINDOWS\SYSTEM32\dbgcore.DLL
0x00007ffe98a30000 - 0x00007ffe98aaa000 	C:\WINDOWS\System32\bcryptPrimitives.dll
0x00007ffe8a540000 - 0x00007ffe8a565000 	C:\Users\User\.p2\pool\plugins\org.eclipse.justj.openjdk.hotspot.jre.full.win32.x86_64_17.0.1.v20211116-1657\jre\bin\java.dll

dbghelp: loaded successfully - version: 4.0.5 - missing functions: none
symbol engine: initialized successfully - sym options: 0x614 - pdb path: .;C:\Users\User\.p2\pool\plugins\org.eclipse.justj.openjdk.hotspot.jre.full.win32.x86_64_17.0.1.v20211116-1657\jre\bin;C:\WINDOWS\SYSTEM32;C:\WINDOWS\WinSxS\amd64_microsoft.windows.common-controls_6595b64144ccf1df_6.0.22621.2361_none_2712ced57382f843;C:\Users\User\.p2\pool\plugins\org.eclipse.justj.openjdk.hotspot.jre.full.win32.x86_64_17.0.1.v20211116-1657\jre\bin\server

VM Arguments:
jvm_args: -Xms2048m -Dfile.encoding=Cp1252 -XX:+ShowCodeDetailsInExceptionMessages 
java_command: Driver ds 1 C:\Users\User\Desktop\output.txt ICHOOSE C:\Users\User\Desktop\orkut_undir.coo C:\Users\User\Desktop\orkut_undir.csc-csr C:\Users\User\Desktop\orkut_undir.csc-csr
java_class_path (initial): C:\Users\User\git\csc3021_a1_ronandaly\bin
Launcher Type: SUN_STANDARD

[Global flags]
     intx CICompilerCount                          = 4                                         {product} {ergonomic}
     uint ConcGCThreads                            = 2                                         {product} {ergonomic}
     uint G1ConcRefinementThreads                  = 8                                         {product} {ergonomic}
   size_t G1HeapRegionSize                         = 1048576                                   {product} {ergonomic}
    uintx GCDrainStackTargetSize                   = 64                                        {product} {ergonomic}
   size_t InitialHeapSize                          = 2147483648                                {product} {command line}
   size_t MarkStackSize                            = 4194304                                   {product} {ergonomic}
   size_t MaxHeapSize                              = 2147483648                                {product} {ergonomic}
   size_t MinHeapDeltaBytes                        = 1048576                                   {product} {ergonomic}
   size_t MinHeapSize                              = 2147483648                                {product} {command line}
    uintx NonNMethodCodeHeapSize                   = 5839372                                {pd product} {ergonomic}
    uintx NonProfiledCodeHeapSize                  = 122909434                              {pd product} {ergonomic}
    uintx ProfiledCodeHeapSize                     = 122909434                              {pd product} {ergonomic}
    uintx ReservedCodeCacheSize                    = 251658240                              {pd product} {ergonomic}
     bool SegmentedCodeCache                       = true                                      {product} {ergonomic}
     bool ShowCodeDetailsInExceptionMessages       = true                                   {manageable} {command line}
   size_t SoftMaxHeapSize                          = 2147483648                             {manageable} {ergonomic}
     bool UseCompressedClassPointers               = true                           {product lp64_product} {ergonomic}
     bool UseCompressedOops                        = true                           {product lp64_product} {ergonomic}
     bool UseG1GC                                  = true                                      {product} {ergonomic}
     bool UseLargePagesIndividualAllocation        = false                                  {pd product} {ergonomic}

Logging:
Log output configuration:
 #0: stdout all=warning uptime,level,tags
 #1: stderr all=off uptime,level,tags

Environment Variables:
PATH=C:/Users/User/.p2/pool/plugins/org.eclipse.justj.openjdk.hotspot.jre.full.win32.x86_64_17.0.1.v20211116-1657/jre/bin/server;C:/Users/User/.p2/pool/plugins/org.eclipse.justj.openjdk.hotspot.jre.full.win32.x86_64_17.0.1.v20211116-1657/jre/bin;C:\Program Files (x86)\Common Files\Oracle\Java\javapath;C:\WINDOWS\system32;C:\WINDOWS;C:\WINDOWS\System32\Wbem;C:\WINDOWS\System32\WindowsPowerShell\v1.0\;C:\WINDOWS\System32\OpenSSH\;C:\Program Files\Microsoft SQL Server\130\Tools\Binn\;C:\Program Files (x86)\Microsoft SQL Server\150\DTS\Binn\;C:\Program Files\Azure Data Studio\bin;C:\Program Files\MATLAB\R2023b\bin;C:\Program Files\Git\cmd;C:\Users\User\AppData\Roaming\TinyTeX\bin\win32;C:\Users\User\AppData\Local\Programs\Python\Python310\Scripts\;C:\Users\User\AppData\Local\Programs\Python\Python310\;C:\Users\User\AppData\Local\Microsoft\WindowsApps;C:\Users\User\AppData\Local\Programs\MiKTeX\miktex\bin\x64\;C:\Program Files\Azure Data Studio\bin;C:\Program Files\JetBrains\PyCharm Community Edition 2022.3.3\bin;;;C:\Users\User\Desktop;
USERNAME=User
OS=Windows_NT
PROCESSOR_IDENTIFIER=Intel64 Family 6 Model 140 Stepping 2, GenuineIntel



---------------  S Y S T E M  ---------------

OS:
 Windows 10 , 64 bit Build 22621 (10.0.22621.2428)
OS uptime: 6 days 13:52 hours

CPU: total 8 (initial active 8) (4 cores per cpu, 2 threads per core) family 6 model 140 stepping 2 microcode 0x16, cx8, cmov, fxsr, ht, mmx, 3dnowpref, sse, sse2, sse3, ssse3, sse4.1, sse4.2, popcnt, lzcnt, tsc, tscinvbit, avx, avx2, aes, erms, clmul, bmi1, bmi2, adx, avx512f, avx512dq, avx512cd, avx512bw, avx512vl, sha, fma, vzeroupper, avx512_vpopcntdq, avx512_vpclmulqdq, avx512_vaes, avx512_vnni, clflush, clflushopt, clwb, avx512_vbmi2, avx512_vbmi

Memory: 4k page, system-wide physical 7941M (583M free)
TotalPageFile size 32517M (AvailPageFile size 527M)
current process WorkingSet (physical memory assigned to process): 11M, peak: 11M
current process commit charge ("private bytes"): 60M, peak: 2108M

vm_info: OpenJDK 64-Bit Server VM (17.0.1+12) for windows-amd64 JRE (17.0.1+12), built on Oct 20 2021 07:42:55 by "" with MS VC++ 16.7 (VS2019)

END.
